----------------------------------------
Timestamp: 24/11/2011 21:21:35

Message: HandlingInstanceID: b3b519be-8fb2-43b5-8314-a677b6711698
An exception of type 'System.Exception' occurred and was caught.
----------------------------------------------------------------
11/24/2011 21:21:35
Type : System.Exception, mscorlib, Version=2.0.0.0, Culture=neutral, PublicKeyToken=b77a5c561934e089
Message : Exception of type 'System.Exception' was thrown.
Source : Latekick.Forms
Help link : 
Data : System.Collections.ListDictionaryInternal
TargetSite : Void button1_Click(System.Object, System.EventArgs)
Stack Trace :    at Latekick.Forms.Presentation.ConvertForm.button1_Click(Object sender, EventArgs e) in C:\code\WinApps\USA\Latekick\Latekick.Forms\Presentation\ConvertForm.cs:line 38

Additional Info:

MachineName : GOLDIKOVA
TimeStamp : 24/11/2011 21:21:35
FullName : Microsoft.Practices.EnterpriseLibrary.ExceptionHandling, Version=5.0.414.0, Culture=neutral, PublicKeyToken=31bf3856ad364e35
AppDomainName : Latekick.vshost.exe
ThreadIdentity : 
WindowsIdentity : Goldikova\gm10


Category: General

Priority: 0

EventId: 100

Severity: Error

Title:Enterprise Library Exception Handling

Machine: GOLDIKOVA

App Domain: Latekick.vshost.exe

ProcessId: 8868

Process Name: C:\code\WinApps\USA\Latekick\Latekick\bin\Debug\Latekick.vshost.exe

Thread Name: 

Win32 ThreadId:5000

Extended Properties: 
----------------------------------------
----------------------------------------
Timestamp: 24/11/2011 21:21:49

Message: HandlingInstanceID: f5c5d5d3-11bb-4db7-8fc7-e2cb10fa36a7
An exception of type 'System.Exception' occurred and was caught.
----------------------------------------------------------------
11/24/2011 21:21:49
Type : System.Exception, mscorlib, Version=2.0.0.0, Culture=neutral, PublicKeyToken=b77a5c561934e089
Message : Exception of type 'System.Exception' was thrown.
Source : Latekick.Forms
Help link : 
Data : System.Collections.ListDictionaryInternal
TargetSite : Void button1_Click(System.Object, System.EventArgs)
Stack Trace :    at Latekick.Forms.Presentation.ConvertForm.button1_Click(Object sender, EventArgs e) in C:\code\WinApps\USA\Latekick\Latekick.Forms\Presentation\ConvertForm.cs:line 38

Additional Info:

MachineName : GOLDIKOVA
TimeStamp : 24/11/2011 21:21:49
FullName : Microsoft.Practices.EnterpriseLibrary.ExceptionHandling, Version=5.0.414.0, Culture=neutral, PublicKeyToken=31bf3856ad364e35
AppDomainName : Latekick.vshost.exe
ThreadIdentity : 
WindowsIdentity : Goldikova\gm10


Category: General

Priority: 0

EventId: 100

Severity: Error

Title:Enterprise Library Exception Handling

Machine: GOLDIKOVA

App Domain: Latekick.vshost.exe

ProcessId: 8868

Process Name: C:\code\WinApps\USA\Latekick\Latekick\bin\Debug\Latekick.vshost.exe

Thread Name: 

Win32 ThreadId:5000

Extended Properties: 
----------------------------------------
----------------------------------------
Timestamp: 24/11/2011 21:24:42

Message: HandlingInstanceID: 8f0a7fd3-f963-4bc7-84b9-57aed61ca8bb
An exception of type 'System.Exception' occurred and was caught.
----------------------------------------------------------------
11/24/2011 21:24:42
Type : System.Exception, mscorlib, Version=2.0.0.0, Culture=neutral, PublicKeyToken=b77a5c561934e089
Message : Exception of type 'System.Exception' was thrown.
Source : Latekick.Forms
Help link : 
Data : System.Collections.ListDictionaryInternal
TargetSite : Void button1_Click(System.Object, System.EventArgs)
Stack Trace :    at Latekick.Forms.Presentation.ConvertForm.button1_Click(Object sender, EventArgs e) in C:\code\WinApps\USA\Latekick\Latekick.Forms\Presentation\ConvertForm.cs:line 38

Additional Info:

MachineName : GOLDIKOVA
TimeStamp : 24/11/2011 21:24:42
FullName : Microsoft.Practices.EnterpriseLibrary.ExceptionHandling, Version=5.0.414.0, Culture=neutral, PublicKeyToken=31bf3856ad364e35
AppDomainName : Latekick.vshost.exe
ThreadIdentity : 
WindowsIdentity : Goldikova\gm10


Category: General

Priority: 0

EventId: 100

Severity: Error

Title:Enterprise Library Exception Handling

Machine: GOLDIKOVA

App Domain: Latekick.vshost.exe

ProcessId: 5300

Process Name: C:\code\WinApps\USA\Latekick\Latekick\bin\Debug\Latekick.vshost.exe

Thread Name: 

Win32 ThreadId:5888

Extended Properties: 
----------------------------------------
